<?xml version="1.0" encoding="UTF-8"?>
<testng-results ignored="0" total="1" passed="1" failed="0" skipped="0">
  <reporter-output>
  </reporter-output>
  <suite started-at="2022-06-19T18:54:13 EET" name="Default suite" finished-at="2022-06-19T18:54:16 EET" duration-ms="3384">
    <groups>
    </groups>
    <test started-at="2022-06-19T18:54:13 EET" name="Default test" finished-at="2022-06-19T18:54:16 EET" duration-ms="3384">
      <class name="tests.TestSearch">
        <test-method is-config="true" signature="StartTest()[pri:0, instance:tests.TestSearch@69997e9d]" started-at="2022-06-19T18:54:10 EET" name="StartTest" finished-at="2022-06-19T18:54:13 EET" duration-ms="3279" status="PASS">
          <reporter-output>
          </reporter-output>
        </test-method> <!-- StartTest -->
        <test-method signature="SearchData()[pri:0, instance:tests.TestSearch@69997e9d]" started-at="2022-06-19T18:54:13 EET" name="SearchData" finished-at="2022-06-19T18:54:16 EET" duration-ms="3330" status="PASS">
          <reporter-output>
          </reporter-output>
        </test-method> <!-- SearchData -->
        <test-method is-config="true" signature="EndTest()[pri:0, instance:tests.TestSearch@69997e9d]" started-at="2022-06-19T18:54:17 EET" name="EndTest" finished-at="2022-06-19T18:54:17 EET" duration-ms="158" status="PASS">
          <reporter-output>
          </reporter-output>
        </test-method> <!-- EndTest -->
      </class> <!-- tests.TestSearch -->
    </test> <!-- Default test -->
  </suite> <!-- Default suite -->
</testng-results>
